[35m[1mScanning dependencies of target std_msgs_generate_messages_py[0m
[35m[1mScanning dependencies of target std_msgs_generate_messages_cpp[0m
[35m[1mScanning dependencies of target std_msgs_generate_messages_lisp[0m
[35m[1mScanning dependencies of target _rostopic_examples_generate_messages_check_deps_Person[0m
[35m[1mScanning dependencies of target std_msgs_generate_messages_eus[0m
[35m[1mScanning dependencies of target turtle_pose_subscriber[0m
[35m[1mScanning dependencies of target std_msgs_generate_messages_nodejs[0m
[35m[1mScanning dependencies of target turtle_circle_publisher[0m
[  0%] Built target std_msgs_generate_messages_lisp
[  0%] Built target std_msgs_generate_messages_cpp
[  0%] Built target std_msgs_generate_messages_py
[  0%] Built target std_msgs_generate_messages_eus
[  0%] Built target std_msgs_generate_messages_nodejs
[ 15%] [32mBuilding CXX object CMakeFiles/turtle_circle_publisher.dir/src/turtle_circle_publisher.cpp.o[0m
[ 15%] [32mBuilding CXX object CMakeFiles/turtle_pose_subscriber.dir/src/turtle_pose_subscriber.cpp.o[0m
[ 15%] Built target _rostopic_examples_generate_messages_check_deps_Person
[35m[1mScanning dependencies of target rostopic_examples_generate_messages_py[0m
[35m[1mScanning dependencies of target rostopic_examples_generate_messages_cpp[0m
[35m[1mScanning dependencies of target rostopic_examples_generate_messages_lisp[0m
[35m[1mScanning dependencies of target rostopic_examples_generate_messages_eus[0m
[35m[1mScanning dependencies of target rostopic_examples_generate_messages_nodejs[0m
[ 23%] [34m[1mGenerating Python from MSG rostopic_examples/Person[0m
[ 38%] [34m[1mGenerating Javascript code from rostopic_examples/Person.msg[0m
[ 46%] [34m[1mGenerating C++ code from rostopic_examples/Person.msg[0m
[ 46%] [34m[1mGenerating Lisp code from rostopic_examples/Person.msg[0m
[ 53%] [34m[1mGenerating EusLisp manifest code for rostopic_examples[0m
[ 61%] [34m[1mGenerating EusLisp code from rostopic_examples/Person.msg[0m
[ 61%] Built target rostopic_examples_generate_messages_nodejs
[ 61%] Built target rostopic_examples_generate_messages_lisp
[ 61%] Built target rostopic_examples_generate_messages_cpp
[35m[1mScanning dependencies of target own_message_publisher[0m
[ 69%] [34m[1mGenerating Python msg __init__.py for rostopic_examples[0m
[ 69%] Built target rostopic_examples_generate_messages_py
[ 76%] [32mBuilding CXX object CMakeFiles/own_message_publisher.dir/src/own_message_publisher.cpp.o[0m
[ 84%] [32m[1mLinking CXX executable /home/yao/ros_tutorials/devel/.private/rostopic_examples/lib/rostopic_examples/turtle_circle_publisher[0m
[ 84%] Built target turtle_circle_publisher
[ 92%] [32m[1mLinking CXX executable /home/yao/ros_tutorials/devel/.private/rostopic_examples/lib/rostopic_examples/turtle_pose_subscriber[0m
[ 92%] Built target turtle_pose_subscriber
[100%] [32m[1mLinking CXX executable /home/yao/ros_tutorials/devel/.private/rostopic_examples/lib/rostopic_examples/own_message_publisher[0m
[100%] Built target rostopic_examples_generate_messages_eus
[35m[1mScanning dependencies of target rostopic_examples_generate_messages[0m
[100%] Built target rostopic_examples_generate_messages
[100%] Built target own_message_publisher
