[01m[K/home/yao/ros_tutorials/src/rostopic_examples/src/publisher_subscriber.cpp:19:50:[m[K [01;31m[Kerror: [m[K'[01m[Kgeometry[m[K' does not name a type
         void callbackFunction_velocity_sub(const geometry::Twist::ConstPtr& msg){
[01;32m[K                                                  ^[m[K
[01m[K/home/yao/ros_tutorials/src/rostopic_examples/src/publisher_subscriber.cpp:19:65:[m[K [01;31m[Kerror: [m[Kexpected unqualified-id before '[01m[K::[m[K' token
         void callbackFunction_velocity_sub(const geometry::Twist::ConstPtr& msg){
[01;32m[K                                                                 ^[m[K
[01m[K/home/yao/ros_tutorials/src/rostopic_examples/src/publisher_subscriber.cpp:19:65:[m[K [01;31m[Kerror: [m[Kexpected '[01m[K)[m[K' before '[01m[K::[m[K' token
[01m[K/home/yao/ros_tutorials/src/rostopic_examples/src/publisher_subscriber.cpp:19:60:[m[K [01;31m[Kerror: [m[Kexpected '[01m[K;[m[K' at end of member declaration
         void callbackFunction_velocity_sub(const geometry::Twist::ConstPtr& msg){
[01;32m[K                                                            ^[m[K
[01m[K/home/yao/ros_tutorials/src/rostopic_examples/src/publisher_subscriber.cpp:19:67:[m[K [01;31m[Kerror: [m[K'[01m[KConstPtr[m[K' in namespace '[01m[K::[m[K' does not name a type
         void callbackFunction_velocity_sub(const geometry::Twist::ConstPtr& msg){
[01;32m[K                                                                   ^[m[K
[01m[K/home/yao/ros_tutorials/src/rostopic_examples/src/publisher_subscriber.cpp:32:1:[m[K [01;31m[Kerror: [m[Kexpected '[01m[K;[m[K' after class definition
 }
[01;32m[K ^[m[K
[01m[K/home/yao/ros_tutorials/src/rostopic_examples/src/publisher_subscriber.cpp:[m[K In constructor '[01m[KPublisher_Subscriber::Publisher_Subscriber()[m[K':
[01m[K/home/yao/ros_tutorials/src/rostopic_examples/src/publisher_subscriber.cpp:14:45:[m[K [01;31m[Kerror: [m[K'[01m[Kgeometry[m[K' was not declared in this scope
             vel_pub = node_handle.advertise<geometry::Twist>("/velocity_publisher", 10);
[01;32m[K                                             ^[m[K
[01m[K/home/yao/ros_tutorials/src/rostopic_examples/src/publisher_subscriber.cpp:14:35:[m[K [01;31m[Kerror: [m[Kparse error in template argument list
             vel_pub = node_handle.advertise<geometry::Twist>("/velocity_publisher", 10);
[01;32m[K                                   ^[m[K
[01m[K/home/yao/ros_tutorials/src/rostopic_examples/src/publisher_subscriber.cpp:14:87:[m[K [01;31m[Kerror: [m[Kno matching function for call to '[01m[Kros::NodeHandle::advertise(const char [20], int)[m[K'
             vel_pub = node_handle.advertise<geometry::Twist>("/velocity_publisher", 10);
[01;32m[K                                                                                       ^[m[K
In file included from [01m[K/opt/ros/kinetic/include/ros/ros.h:45:0[m[K,
                 from [01m[K/home/yao/ros_tutorials/src/rostopic_examples/src/publisher_subscriber.cpp:1[m[K:
[01m[K/opt/ros/kinetic/include/ros/node_handle.h:249:15:[m[K [01;36m[Knote: [m[Kcandidate: template<class M> ros::Publisher ros::NodeHandle::advertise(const string&, uint32_t, bool)
     Publisher advertise(const std::string& topic, uint32_t queue_size, bool latch = false)
[01;32m[K               ^[m[K
[01m[K/opt/ros/kinetic/include/ros/node_handle.h:249:15:[m[K [01;36m[Knote: [m[K  template argument deduction/substitution failed:
[01m[K/home/yao/ros_tutorials/src/rostopic_examples/src/publisher_subscriber.cpp:14:87:[m[K [01;31m[Kerror: [m[Ktemplate argument 1 is invalid
             vel_pub = node_handle.advertise<geometry::Twist>("/velocity_publisher", 10);
[01;32m[K                                                                                       ^[m[K
In file included from [01m[K/opt/ros/kinetic/include/ros/ros.h:45:0[m[K,
                 from [01m[K/home/yao/ros_tutorials/src/rostopic_examples/src/publisher_subscriber.cpp:1[m[K:
[01m[K/opt/ros/kinetic/include/ros/node_handle.h:315:13:[m[K [01;36m[Knote: [m[Kcandidate: template<class M> ros::Publisher ros::NodeHandle::advertise(const string&, uint32_t, const SubscriberStatusCallback&, const SubscriberStatusCallback&, const VoidConstPtr&, bool)
   Publisher advertise(const std::string& topic, uint32_t queue_size,
[01;32m[K             ^[m[K
[01m[K/opt/ros/kinetic/include/ros/node_handle.h:315:13:[m[K [01;36m[Knote: [m[K  template argument deduction/substitution failed:
[01m[K/home/yao/ros_tutorials/src/rostopic_examples/src/publisher_subscriber.cpp:14:87:[m[K [01;31m[Kerror: [m[Ktemplate argument 1 is invalid
             vel_pub = node_handle.advertise<geometry::Twist>("/velocity_publisher", 10);
[01;32m[K                                                                                       ^[m[K
[01m[K/home/yao/ros_tutorials/src/rostopic_examples/src/publisher_subscriber.cpp:15:130:[m[K [01;31m[Kerror: [m[Kno matching function for call to '[01m[Kros::NodeHandle::subscribe(const char [20], int, void (Publisher_Subscriber::*)(...), Publisher_Subscriber*)[m[K'
             vel_sub = node_handle.subscribe("/velocity_publisher", 10, &Publisher_Subscriber::callbackFunction_velocity_sub, this);
[01;32m[K                                                                                                                                  ^[m[K
In file included from [01m[K/opt/ros/kinetic/include/ros/ros.h:45:0[m[K,
                 from [01m[K/home/yao/ros_tutorials/src/rostopic_examples/src/publisher_subscriber.cpp:1[m[K:
[01m[K/opt/ros/kinetic/include/ros/node_handle.h:402:14:[m[K [01;36m[Knote: [m[Kcandidate: template<class M, class T> ros::Subscriber ros::NodeHandle::subscribe(const string&, uint32_t, void (T::*)(M), T*, const ros::TransportHints&)
   Subscriber subscribe(const std::string& topic, uint32_t queue_size, void(T::*fp)(M), T* obj, 
[01;32m[K              ^[m[K
[01m[K/opt/ros/kinetic/include/ros/node_handle.h:402:14:[m[K [01;36m[Knote: [m[K  template argument deduction/substitution failed:
[01m[K/home/yao/ros_tutorials/src/rostopic_examples/src/publisher_subscriber.cpp:15:130:[m[K [01;36m[Knote: [m[K  candidate expects 2 arguments, 1 provided
             vel_sub = node_handle.subscribe("/velocity_publisher", 10, &Publisher_Subscriber::callbackFunction_velocity_sub, this);
[01;32m[K                                                                                                                                  ^[m[K
In file included from [01m[K/opt/ros/kinetic/include/ros/ros.h:45:0[m[K,
                 from [01m[K/home/yao/ros_tutorials/src/rostopic_examples/src/publisher_subscriber.cpp:1[m[K:
[01m[K/opt/ros/kinetic/include/ros/node_handle.h:413:14:[m[K [01;36m[Knote: [m[Kcandidate: template<class M, class T> ros::Subscriber ros::NodeHandle::subscribe(const string&, uint32_t, void (T::*)(M) const, T*, const ros::TransportHints&)
   Subscriber subscribe(const std::string& topic, uint32_t queue_size, void(T::*fp)(M) const, T* obj, 
[01;32m[K              ^[m[K
[01m[K/opt/ros/kinetic/include/ros/node_handle.h:413:14:[m[K [01;36m[Knote: [m[K  template argument deduction/substitution failed:
[01m[K/home/yao/ros_tutorials/src/rostopic_examples/src/publisher_subscriber.cpp:15:130:[m[K [01;36m[Knote: [m[K  types '[01m[Kvoid (T::)(M) const[m[K' and '[01m[Kvoid (Publisher_Subscriber::)(...)[m[K' have incompatible cv-qualifiers
             vel_sub = node_handle.subscribe("/velocity_publisher", 10, &Publisher_Subscriber::callbackFunction_velocity_sub, this);
[01;32m[K                                                                                                                                  ^[m[K
In file included from [01m[K/opt/ros/kinetic/include/ros/ros.h:45:0[m[K,
                 from [01m[K/home/yao/ros_tutorials/src/rostopic_examples/src/publisher_subscriber.cpp:1[m[K:
[01m[K/opt/ros/kinetic/include/ros/node_handle.h:465:14:[m[K [01;36m[Knote: [m[Kcandidate: template<class M, class T> ros::Subscriber ros::NodeHandle::subscribe(const string&, uint32_t, void (T::*)(const boost::shared_ptr<const M>&), T*, const ros::TransportHints&)
   Subscriber subscribe(const std::string& topic, uint32_t queue_size, 
[01;32m[K              ^[m[K
[01m[K/opt/ros/kinetic/include/ros/node_handle.h:465:14:[m[K [01;36m[Knote: [m[K  template argument deduction/substitution failed:
[01m[K/home/yao/ros_tutorials/src/rostopic_examples/src/publisher_subscriber.cpp:15:130:[m[K [01;36m[Knote: [m[K  candidate expects 2 arguments, 1 provided
             vel_sub = node_handle.subscribe("/velocity_publisher", 10, &Publisher_Subscriber::callbackFunction_velocity_sub, this);
[01;32m[K                                                                                                                                  ^[m[K
In file included from [01m[K/opt/ros/kinetic/include/ros/ros.h:45:0[m[K,
                 from [01m[K/home/yao/ros_tutorials/src/rostopic_examples/src/publisher_subscriber.cpp:1[m[K:
[01m[K/opt/ros/kinetic/include/ros/node_handle.h:475:14:[m[K [01;36m[Knote: [m[Kcandidate: template<class M, class T> ros::Subscriber ros::NodeHandle::subscribe(const string&, uint32_t, void (T::*)(const boost::shared_ptr<const M>&) const, T*, const ros::TransportHints&)
   Subscriber subscribe(const std::string& topic, uint32_t queue_size, 
[01;32m[K              ^[m[K
[01m[K/opt/ros/kinetic/include/ros/node_handle.h:475:14:[m[K [01;36m[Knote: [m[K  template argument deduction/substitution failed:
[01m[K/home/yao/ros_tutorials/src/rostopic_examples/src/publisher_subscriber.cpp:15:130:[m[K [01;36m[Knote: [m[K  types '[01m[Kvoid (T::)(const boost::shared_ptr<const M>&) const[m[K' and '[01m[Kvoid (Publisher_Subscriber::)(...)[m[K' have incompatible cv-qualifiers
             vel_sub = node_handle.subscribe("/velocity_publisher", 10, &Publisher_Subscriber::callbackFunction_velocity_sub, this);
[01;32m[K                                                                                                                                  ^[m[K
In file included from [01m[K/opt/ros/kinetic/include/ros/ros.h:45:0[m[K,
                 from [01m[K/home/yao/ros_tutorials/src/rostopic_examples/src/publisher_subscriber.cpp:1[m[K:
[01m[K/opt/ros/kinetic/include/ros/node_handle.h:529:14:[m[K [01;36m[Knote: [m[Kcandidate: template<class M, class T> ros::Subscriber ros::NodeHandle::subscribe(const string&, uint32_t, void (T::*)(M), const boost::shared_ptr<U>&, const ros::TransportHints&)
   Subscriber subscribe(const std::string& topic, uint32_t queue_size, void(T::*fp)(M), 
[01;32m[K              ^[m[K
[01m[K/opt/ros/kinetic/include/ros/node_handle.h:529:14:[m[K [01;36m[Knote: [m[K  template argument deduction/substitution failed:
[01m[K/home/yao/ros_tutorials/src/rostopic_examples/src/publisher_subscriber.cpp:15:130:[m[K [01;36m[Knote: [m[K  candidate expects 2 arguments, 1 provided
             vel_sub = node_handle.subscribe("/velocity_publisher", 10, &Publisher_Subscriber::callbackFunction_velocity_sub, this);
[01;32m[K                                                                                                                                  ^[m[K
In file included from [01m[K/opt/ros/kinetic/include/ros/ros.h:45:0[m[K,
                 from [01m[K/home/yao/ros_tutorials/src/rostopic_examples/src/publisher_subscriber.cpp:1[m[K:
[01m[K/opt/ros/kinetic/include/ros/node_handle.h:540:14:[m[K [01;36m[Knote: [m[Kcandidate: template<class M, class T> ros::Subscriber ros::NodeHandle::subscribe(const string&, uint32_t, void (T::*)(M) const, const boost::shared_ptr<U>&, const ros::TransportHints&)
   Subscriber subscribe(const std::string& topic, uint32_t queue_size, void(T::*fp)(M) const, 
[01;32m[K              ^[m[K
[01m[K/opt/ros/kinetic/include/ros/node_handle.h:540:14:[m[K [01;36m[Knote: [m[K  template argument deduction/substitution failed:
[01m[K/home/yao/ros_tutorials/src/rostopic_examples/src/publisher_subscriber.cpp:15:130:[m[K [01;36m[Knote: [m[K  types '[01m[Kvoid (T::)(M) const[m[K' and '[01m[Kvoid (Publisher_Subscriber::)(...)[m[K' have incompatible cv-qualifiers
             vel_sub = node_handle.subscribe("/velocity_publisher", 10, &Publisher_Subscriber::callbackFunction_velocity_sub, this);
[01;32m[K                                                                                                                                  ^[m[K
In file included from [01m[K/opt/ros/kinetic/include/ros/ros.h:45:0[m[K,
                 from [01m[K/home/yao/ros_tutorials/src/rostopic_examples/src/publisher_subscriber.cpp:1[m[K:
[01m[K/opt/ros/kinetic/include/ros/node_handle.h:594:14:[m[K [01;36m[Knote: [m[Kcandidate: template<class M, class T> ros::Subscriber ros::NodeHandle::subscribe(const string&, uint32_t, void (T::*)(const boost::shared_ptr<const M>&), const boost::shared_ptr<U>&, const ros::TransportHints&)
   Subscriber subscribe(const std::string& topic, uint32_t queue_size, 
[01;32m[K              ^[m[K
[01m[K/opt/ros/kinetic/include/ros/node_handle.h:594:14:[m[K [01;36m[Knote: [m[K  template argument deduction/substitution failed:
[01m[K/home/yao/ros_tutorials/src/rostopic_examples/src/publisher_subscriber.cpp:15:130:[m[K [01;36m[Knote: [m[K  candidate expects 2 arguments, 1 provided
             vel_sub = node_handle.subscribe("/velocity_publisher", 10, &Publisher_Subscriber::callbackFunction_velocity_sub, this);
[01;32m[K                                                                                                                                  ^[m[K
In file included from [01m[K/opt/ros/kinetic/include/ros/ros.h:45:0[m[K,
                 from [01m[K/home/yao/ros_tutorials/src/rostopic_examples/src/publisher_subscriber.cpp:1[m[K:
[01m[K/opt/ros/kinetic/include/ros/node_handle.h:605:14:[m[K [01;36m[Knote: [m[Kcandidate: template<class M, class T> ros::Subscriber ros::NodeHandle::subscribe(const string&, uint32_t, void (T::*)(const boost::shared_ptr<const M>&) const, const boost::shared_ptr<U>&, const ros::TransportHints&)
   Subscriber subscribe(const std::string& topic, uint32_t queue_size, 
[01;32m[K              ^[m[K
[01m[K/opt/ros/kinetic/include/ros/node_handle.h:605:14:[m[K [01;36m[Knote: [m[K  template argument deduction/substitution failed:
[01m[K/home/yao/ros_tutorials/src/rostopic_examples/src/publisher_subscriber.cpp:15:130:[m[K [01;36m[Knote: [m[K  types '[01m[Kvoid (T::)(const boost::shared_ptr<const M>&) const[m[K' and '[01m[Kvoid (Publisher_Subscriber::)(...)[m[K' have incompatible cv-qualifiers
             vel_sub = node_handle.subscribe("/velocity_publisher", 10, &Publisher_Subscriber::callbackFunction_velocity_sub, this);
[01;32m[K                                                                                                                                  ^[m[K
In file included from [01m[K/opt/ros/kinetic/include/ros/ros.h:45:0[m[K,
                 from [01m[K/home/yao/ros_tutorials/src/rostopic_examples/src/publisher_subscriber.cpp:1[m[K:
[01m[K/opt/ros/kinetic/include/ros/node_handle.h:656:14:[m[K [01;36m[Knote: [m[Kcandidate: template<class M> ros::Subscriber ros::NodeHandle::subscribe(const string&, uint32_t, void (*)(M), const ros::TransportHints&)
   Subscriber subscribe(const std::string& topic, uint32_t queue_size, void(*fp)(M), const TransportHints& transport_hints = TransportHints())
[01;32m[K              ^[m[K
[01m[K/opt/ros/kinetic/include/ros/node_handle.h:656:14:[m[K [01;36m[Knote: [m[K  template argument deduction/substitution failed:
[01m[K/home/yao/ros_tutorials/src/rostopic_examples/src/publisher_subscriber.cpp:15:130:[m[K [01;36m[Knote: [m[K  mismatched types '[01m[Kvoid (*)(M)[m[K' and '[01m[Kvoid (Publisher_Subscriber::*)(...)[m[K'
             vel_sub = node_handle.subscribe("/velocity_publisher", 10, &Publisher_Subscriber::callbackFunction_velocity_sub, this);
[01;32m[K                                                                                                                                  ^[m[K
In file included from [01m[K/opt/ros/kinetic/include/ros/ros.h:45:0[m[K,
                 from [01m[K/home/yao/ros_tutorials/src/rostopic_examples/src/publisher_subscriber.cpp:1[m[K:
[01m[K/opt/ros/kinetic/include/ros/node_handle.h:704:14:[m[K [01;36m[Knote: [m[Kcandidate: template<class M> ros::Subscriber ros::NodeHandle::subscribe(const string&, uint32_t, void (*)(const boost::shared_ptr<const M>&), const ros::TransportHints&)
   Subscriber subscribe(const std::string& topic, uint32_t queue_size, void(*fp)(const boost::shared_ptr<M const>&), const TransportHints& transport_hints = TransportHints())
[01;32m[K              ^[m[K
[01m[K/opt/ros/kinetic/include/ros/node_handle.h:704:14:[m[K [01;36m[Knote: [m[K  template argument deduction/substitution failed:
[01m[K/home/yao/ros_tutorials/src/rostopic_examples/src/publisher_subscriber.cpp:15:130:[m[K [01;36m[Knote: [m[K  mismatched types '[01m[Kvoid (*)(const boost::shared_ptr<const M>&)[m[K' and '[01m[Kvoid (Publisher_Subscriber::*)(...)[m[K'
             vel_sub = node_handle.subscribe("/velocity_publisher", 10, &Publisher_Subscriber::callbackFunction_velocity_sub, this);
[01;32m[K                                                                                                                                  ^[m[K
In file included from [01m[K/opt/ros/kinetic/include/ros/ros.h:45:0[m[K,
                 from [01m[K/home/yao/ros_tutorials/src/rostopic_examples/src/publisher_subscriber.cpp:1[m[K:
[01m[K/opt/ros/kinetic/include/ros/node_handle.h:750:14:[m[K [01;36m[Knote: [m[Kcandidate: template<class M> ros::Subscriber ros::NodeHandle::subscribe(const string&, uint32_t, const boost::function<void(const boost::shared_ptr<const M>&)>&, const VoidConstPtr&, const ros::TransportHints&)
   Subscriber subscribe(const std::string& topic, uint32_t queue_size, const boost::function<void (const boost::shared_ptr<M const>&)>& callback,
[01;32m[K              ^[m[K
[01m[K/opt/ros/kinetic/include/ros/node_handle.h:750:14:[m[K [01;36m[Knote: [m[K  template argument deduction/substitution failed:
[01m[K/home/yao/ros_tutorials/src/rostopic_examples/src/publisher_subscriber.cpp:15:130:[m[K [01;36m[Knote: [m[K  mismatched types '[01m[Kconst boost::function<void(const boost::shared_ptr<const M>&)>[m[K' and '[01m[Kvoid (Publisher_Subscriber::*)(...)[m[K'
             vel_sub = node_handle.subscribe("/velocity_publisher", 10, &Publisher_Subscriber::callbackFunction_velocity_sub, this);
[01;32m[K                                                                                                                                  ^[m[K
In file included from [01m[K/opt/ros/kinetic/include/ros/ros.h:45:0[m[K,
                 from [01m[K/home/yao/ros_tutorials/src/rostopic_examples/src/publisher_subscriber.cpp:1[m[K:
[01m[K/opt/ros/kinetic/include/ros/node_handle.h:799:14:[m[K [01;36m[Knote: [m[Kcandidate: template<class M, class C> ros::Subscriber ros::NodeHandle::subscribe(const string&, uint32_t, const boost::function<void(C)>&, const VoidConstPtr&, const ros::TransportHints&)
   Subscriber subscribe(const std::string& topic, uint32_t queue_size, const boost::function<void (C)>& callback,
[01;32m[K              ^[m[K
[01m[K/opt/ros/kinetic/include/ros/node_handle.h:799:14:[m[K [01;36m[Knote: [m[K  template argument deduction/substitution failed:
[01m[K/home/yao/ros_tutorials/src/rostopic_examples/src/publisher_subscriber.cpp:15:130:[m[K [01;36m[Knote: [m[K  mismatched types '[01m[Kconst boost::function<void(C)>[m[K' and '[01m[Kvoid (Publisher_Subscriber::*)(...)[m[K'
             vel_sub = node_handle.subscribe("/velocity_publisher", 10, &Publisher_Subscriber::callbackFunction_velocity_sub, this);
[01;32m[K                                                                                                                                  ^[m[K
In file included from [01m[K/opt/ros/kinetic/include/ros/ros.h:45:0[m[K,
                 from [01m[K/home/yao/ros_tutorials/src/rostopic_examples/src/publisher_subscriber.cpp:1[m[K:
[01m[K/opt/ros/kinetic/include/ros/node_handle.h:836:14:[m[K [01;36m[Knote: [m[Kcandidate: ros::Subscriber ros::NodeHandle::subscribe(ros::SubscribeOptions&)
   Subscriber subscribe(SubscribeOptions& ops);
[01;32m[K              ^[m[K
[01m[K/opt/ros/kinetic/include/ros/node_handle.h:836:14:[m[K [01;36m[Knote: [m[K  candidate expects 1 argument, 4 provided
[01m[K/home/yao/ros_tutorials/src/rostopic_examples/src/publisher_subscriber.cpp:[m[K In member function '[01m[Kvoid Publisher_Subscriber::velocity_pub()[m[K':
[01m[K/home/yao/ros_tutorials/src/rostopic_examples/src/publisher_subscriber.cpp:24:13:[m[K [01;31m[Kerror: [m[K'[01m[Kgeometry[m[K' has not been declared
             geometry::Twist velocity_pub_msg;
[01;32m[K             ^[m[K
[01m[K/home/yao/ros_tutorials/src/rostopic_examples/src/publisher_subscriber.cpp:25:13:[m[K [01;31m[Kerror: [m[K'[01m[Kvelocity_pub_msg[m[K' was not declared in this scope
             velocity_pub_msg.linear.x = 0.5;
[01;32m[K             ^[m[K
make[2]: *** [CMakeFiles/publisher_subscriber.dir/src/publisher_subscriber.cpp.o] Error 1
make[1]: *** [CMakeFiles/publisher_subscriber.dir/all] Error 2
make: *** [all] Error 2
