[01m[K/home/yao/ros_tutorials/src/rostopic_examples/src/own_message_publisher.cpp:17:23:[m[K [01;35m[Kwarning: [m[Kmissing terminating " character
         own_msg.sex = "male;
[01;32m[K                       ^[m[K
[01m[K/home/yao/ros_tutorials/src/rostopic_examples/src/own_message_publisher.cpp:17:9:[m[K [01;31m[Kerror: [m[Kmissing terminating " character
         own_msg.sex = "male;
[01;32m[K         ^[m[K
[01m[K/home/yao/ros_tutorials/src/rostopic_examples/src/own_message_publisher.cpp:[m[K In function '[01m[Kint main(int, char**)[m[K':
[01m[K/home/yao/ros_tutorials/src/rostopic_examples/src/own_message_publisher.cpp:17:21:[m[K [01;31m[Kerror: [m[Kno match for '[01m[Koperator=[m[K' (operand types are '[01m[Krostopic_examples::Person_<std::allocator<void> >::_sex_type {aka std::__cxx11::basic_string<char>}[m[K' and '[01m[Kvoid[m[K')
         own_msg.sex = "male;
[01;32m[K                     ^[m[K
In file included from [01m[K/usr/include/c++/5/string:52:0[m[K,
                 from [01m[K/opt/ros/kinetic/include/ros/platform.h:55[m[K,
                 from [01m[K/opt/ros/kinetic/include/ros/time.h:53[m[K,
                 from [01m[K/opt/ros/kinetic/include/ros/ros.h:38[m[K,
                 from [01m[K/home/yao/ros_tutorials/src/rostopic_examples/src/own_message_publisher.cpp:1[m[K:
[01m[K/usr/include/c++/5/bits/basic_string.h:550:7:[m[K [01;36m[Knote: [m[Kcandidate: std::__cxx11::basic_string<_CharT, _Traits, _Alloc>& std::__cxx11::basic_string<_CharT, _Traits, _Alloc>::operator=(const std::__cxx11::basic_string<_CharT, _Traits, _Alloc>&) [with _CharT = char; _Traits = std::char_traits<char>; _Alloc = std::allocator<char>]
       operator=(const basic_string& __str)
[01;32m[K       ^[m[K
[01m[K/usr/include/c++/5/bits/basic_string.h:550:7:[m[K [01;36m[Knote: [m[K  no known conversion for argument 1 from '[01m[Kvoid[m[K' to '[01m[Kconst std::__cxx11::basic_string<char>&[m[K'
[01m[K/usr/include/c++/5/bits/basic_string.h:558:7:[m[K [01;36m[Knote: [m[Kcandidate: std::__cxx11::basic_string<_CharT, _Traits, _Alloc>& std::__cxx11::basic_string<_CharT, _Traits, _Alloc>::operator=(const _CharT*) [with _CharT = char; _Traits = std::char_traits<char>; _Alloc = std::allocator<char>]
       operator=(const _CharT* __s)
[01;32m[K       ^[m[K
[01m[K/usr/include/c++/5/bits/basic_string.h:558:7:[m[K [01;36m[Knote: [m[K  no known conversion for argument 1 from '[01m[Kvoid[m[K' to '[01m[Kconst char*[m[K'
[01m[K/usr/include/c++/5/bits/basic_string.h:569:7:[m[K [01;36m[Knote: [m[Kcandidate: std::__cxx11::basic_string<_CharT, _Traits, _Alloc>& std::__cxx11::basic_string<_CharT, _Traits, _Alloc>::operator=(_CharT) [with _CharT = char; _Traits = std::char_traits<char>; _Alloc = std::allocator<char>]
       operator=(_CharT __c)
[01;32m[K       ^[m[K
[01m[K/usr/include/c++/5/bits/basic_string.h:569:7:[m[K [01;36m[Knote: [m[K  no known conversion for argument 1 from '[01m[Kvoid[m[K' to '[01m[Kchar[m[K'
make[2]: *** [CMakeFiles/own_message_publisher.dir/src/own_message_publisher.cpp.o] Error 1
make[1]: *** [CMakeFiles/own_message_publisher.dir/all] Error 2
make: *** [all] Error 2
