Linked: (/home/yao/ros_tutorials/devel/.private/rosservice_examples/share/roseus/ros/rosservice_examples/manifest.l, /home/yao/ros_tutorials/devel/share/roseus/ros/rosservice_examples/manifest.l)
Linked: (/home/yao/ros_tutorials/devel/.private/rosservice_examples/share/roseus/ros/rosservice_examples/srv/Person.l, /home/yao/ros_tutorials/devel/share/roseus/ros/rosservice_examples/srv/Person.l)
Linked: (/home/yao/ros_tutorials/devel/.private/rosservice_examples/share/gennodejs/ros/rosservice_examples/_index.js, /home/yao/ros_tutorials/devel/share/gennodejs/ros/rosservice_examples/_index.js)
Linked: (/home/yao/ros_tutorials/devel/.private/rosservice_examples/share/gennodejs/ros/rosservice_examples/srv/Person.js, /home/yao/ros_tutorials/devel/share/gennodejs/ros/rosservice_examples/srv/Person.js)
Linked: (/home/yao/ros_tutorials/devel/.private/rosservice_examples/share/gennodejs/ros/rosservice_examples/srv/_index.js, /home/yao/ros_tutorials/devel/share/gennodejs/ros/rosservice_examples/srv/_index.js)
Linked: (/home/yao/ros_tutorials/devel/.private/rosservice_examples/share/rosservice_examples/cmake/rosservice_examplesConfig-version.cmake, /home/yao/ros_tutorials/devel/share/rosservice_examples/cmake/rosservice_examplesConfig-version.cmake)
Linked: (/home/yao/ros_tutorials/devel/.private/rosservice_examples/share/rosservice_examples/cmake/rosservice_examples-msg-extras.cmake, /home/yao/ros_tutorials/devel/share/rosservice_examples/cmake/rosservice_examples-msg-extras.cmake)
Linked: (/home/yao/ros_tutorials/devel/.private/rosservice_examples/share/rosservice_examples/cmake/rosservice_examples-msg-paths.cmake, /home/yao/ros_tutorials/devel/share/rosservice_examples/cmake/rosservice_examples-msg-paths.cmake)
Linked: (/home/yao/ros_tutorials/devel/.private/rosservice_examples/share/rosservice_examples/cmake/rosservice_examplesConfig.cmake, /home/yao/ros_tutorials/devel/share/rosservice_examples/cmake/rosservice_examplesConfig.cmake)
Linked: (/home/yao/ros_tutorials/devel/.private/rosservice_examples/share/common-lisp/ros/rosservice_examples/srv/rosservice_examples-srv.asd, /home/yao/ros_tutorials/devel/share/common-lisp/ros/rosservice_examples/srv/rosservice_examples-srv.asd)
Linked: (/home/yao/ros_tutorials/devel/.private/rosservice_examples/share/common-lisp/ros/rosservice_examples/srv/Person.lisp, /home/yao/ros_tutorials/devel/share/common-lisp/ros/rosservice_examples/srv/Person.lisp)
Linked: (/home/yao/ros_tutorials/devel/.private/rosservice_examples/share/common-lisp/ros/rosservice_examples/srv/_package_Person.lisp, /home/yao/ros_tutorials/devel/share/common-lisp/ros/rosservice_examples/srv/_package_Person.lisp)
Linked: (/home/yao/ros_tutorials/devel/.private/rosservice_examples/share/common-lisp/ros/rosservice_examples/srv/_package.lisp, /home/yao/ros_tutorials/devel/share/common-lisp/ros/rosservice_examples/srv/_package.lisp)
Linked: (/home/yao/ros_tutorials/devel/.private/rosservice_examples/include/rosservice_examples/PersonRequest.h, /home/yao/ros_tutorials/devel/include/rosservice_examples/PersonRequest.h)
Linked: (/home/yao/ros_tutorials/devel/.private/rosservice_examples/include/rosservice_examples/PersonResponse.h, /home/yao/ros_tutorials/devel/include/rosservice_examples/PersonResponse.h)
Linked: (/home/yao/ros_tutorials/devel/.private/rosservice_examples/include/rosservice_examples/Person.h, /home/yao/ros_tutorials/devel/include/rosservice_examples/Person.h)
Linked: (/home/yao/ros_tutorials/devel/.private/rosservice_examples/lib/pkgconfig/rosservice_examples.pc, /home/yao/ros_tutorials/devel/lib/pkgconfig/rosservice_examples.pc)
Linked: (/home/yao/ros_tutorials/devel/.private/rosservice_examples/lib/python2.7/dist-packages/rosservice_examples/__init__.py, /home/yao/ros_tutorials/devel/lib/python2.7/dist-packages/rosservice_examples/__init__.py)
Linked: (/home/yao/ros_tutorials/devel/.private/rosservice_examples/lib/python2.7/dist-packages/rosservice_examples/srv/__init__.py, /home/yao/ros_tutorials/devel/lib/python2.7/dist-packages/rosservice_examples/srv/__init__.py)
Linked: (/home/yao/ros_tutorials/devel/.private/rosservice_examples/lib/python2.7/dist-packages/rosservice_examples/srv/_Person.py, /home/yao/ros_tutorials/devel/lib/python2.7/dist-packages/rosservice_examples/srv/_Person.py)
Linked: (/home/yao/ros_tutorials/devel/.private/rosservice_examples/lib/rosservice_examples/turtle_spawn_client, /home/yao/ros_tutorials/devel/lib/rosservice_examples/turtle_spawn_client)
Linked: (/home/yao/ros_tutorials/devel/.private/rosservice_examples/lib/rosservice_examples/turtle_command_server, /home/yao/ros_tutorials/devel/lib/rosservice_examples/turtle_command_server)
Linked: (/home/yao/ros_tutorials/devel/.private/rosservice_examples/lib/rosservice_examples/own_service_client, /home/yao/ros_tutorials/devel/lib/rosservice_examples/own_service_client)
Linked: (/home/yao/ros_tutorials/devel/.private/rosservice_examples/lib/rosservice_examples/turtle_spawn, /home/yao/ros_tutorials/devel/lib/rosservice_examples/turtle_spawn)
Linked: (/home/yao/ros_tutorials/devel/.private/rosservice_examples/lib/rosservice_examples/own_service_server, /home/yao/ros_tutorials/devel/lib/rosservice_examples/own_service_server)
