[01m[K/home/yao/ros_tutorials/src/rosservice_examples/src/own_service_client.cpp:2:43:[m[K [01;31m[Kfatal error: [m[Kbeginner_tutorials/AddTwoInts.h: No such file or directory
compilation terminated.
In file included from [01m[K/opt/ros/kinetic/include/ros/ros.h:40:0[m[K,
                 from [01m[K/home/yao/ros_tutorials/src/rosservice_examples/src/turtle_spawn_client.cpp:1[m[K:
[01m[K/home/yao/ros_tutorials/src/rosservice_examples/src/turtle_spawn_client.cpp:[m[K In function '[01m[Kint main(int, char**)[m[K':
[01m[K/opt/ros/kinetic/include/ros/console.h:346:176:[m[K [01;35m[Kwarning: [m[Kformat '[01m[K%d[m[K' expects argument of type '[01m[Kint[m[K', but argument 8 has type '[01m[Kdouble[m[K' [-Wformat=]
     ::ros::console::print(filter, __rosconsole_define_location__loc.logger_, __rosconsole_define_location__loc.level_, __FILE__, __LINE__, __ROSCONSOLE_FUNCTION__, __VA_ARGS__)
[01;32m[K                                                                                                                                                                                ^[m[K
[01m[K/opt/ros/kinetic/include/ros/console.h:349:5:[m[K [01;36m[Knote: [m[Kin expansion of macro '[01m[KROSCONSOLE_PRINT_AT_LOCATION_WITH_FILTER[m[K'
     ROSCONSOLE_PRINT_AT_LOCATION_WITH_FILTER(NULL, __VA_ARGS__)
[01;32m[K     ^[m[K
[01m[K/opt/ros/kinetic/include/ros/console.h:379:7:[m[K [01;36m[Knote: [m[Kin expansion of macro '[01m[KROSCONSOLE_PRINT_AT_LOCATION[m[K'
       ROSCONSOLE_PRINT_AT_LOCATION(__VA_ARGS__); \
[01;32m[K       ^[m[K
[01m[K/opt/ros/kinetic/include/ros/console.h:561:35:[m[K [01;36m[Knote: [m[Kin expansion of macro '[01m[KROS_LOG_COND[m[K'
 #define ROS_LOG(level, name, ...) ROS_LOG_COND(true, level, name, __VA_ARGS__)
[01;32m[K                                   ^[m[K
[01m[K/opt/ros/kinetic/include/rosconsole/macros_generated.h:110:23:[m[K [01;36m[Knote: [m[Kin expansion of macro '[01m[KROS_LOG[m[K'
 #define ROS_INFO(...) ROS_LOG(::ros::console::levels::Info, ROSCONSOLE_DEFAULT_NAME, __VA_ARGS__)
[01;32m[K                       ^[m[K
[01m[K/home/yao/ros_tutorials/src/rosservice_examples/src/turtle_spawn_client.cpp:18:5:[m[K [01;36m[Knote: [m[Kin expansion of macro '[01m[KROS_INFO[m[K'
     ROS_INFO("spawn the second turtle, location: %d, %d, name: %s", srv.request.x, srv.request.y, srv.request.name.c_str());
[01;32m[K     ^[m[K
[01m[K/opt/ros/kinetic/include/ros/console.h:346:176:[m[K [01;35m[Kwarning: [m[Kformat '[01m[K%d[m[K' expects argument of type '[01m[Kint[m[K', but argument 9 has type '[01m[Kdouble[m[K' [-Wformat=]
     ::ros::console::print(filter, __rosconsole_define_location__loc.logger_, __rosconsole_define_location__loc.level_, __FILE__, __LINE__, __ROSCONSOLE_FUNCTION__, __VA_ARGS__)
[01;32m[K                                                                                                                                                                                ^[m[K
[01m[K/opt/ros/kinetic/include/ros/console.h:349:5:[m[K [01;36m[Knote: [m[Kin expansion of macro '[01m[KROSCONSOLE_PRINT_AT_LOCATION_WITH_FILTER[m[K'
     ROSCONSOLE_PRINT_AT_LOCATION_WITH_FILTER(NULL, __VA_ARGS__)
[01;32m[K     ^[m[K
[01m[K/opt/ros/kinetic/include/ros/console.h:379:7:[m[K [01;36m[Knote: [m[Kin expansion of macro '[01m[KROSCONSOLE_PRINT_AT_LOCATION[m[K'
       ROSCONSOLE_PRINT_AT_LOCATION(__VA_ARGS__); \
[01;32m[K       ^[m[K
[01m[K/opt/ros/kinetic/include/ros/console.h:561:35:[m[K [01;36m[Knote: [m[Kin expansion of macro '[01m[KROS_LOG_COND[m[K'
 #define ROS_LOG(level, name, ...) ROS_LOG_COND(true, level, name, __VA_ARGS__)
[01;32m[K                                   ^[m[K
[01m[K/opt/ros/kinetic/include/rosconsole/macros_generated.h:110:23:[m[K [01;36m[Knote: [m[Kin expansion of macro '[01m[KROS_LOG[m[K'
 #define ROS_INFO(...) ROS_LOG(::ros::console::levels::Info, ROSCONSOLE_DEFAULT_NAME, __VA_ARGS__)
[01;32m[K                       ^[m[K
[01m[K/home/yao/ros_tutorials/src/rosservice_examples/src/turtle_spawn_client.cpp:18:5:[m[K [01;36m[Knote: [m[Kin expansion of macro '[01m[KROS_INFO[m[K'
     ROS_INFO("spawn the second turtle, location: %d, %d, name: %s", srv.request.x, srv.request.y, srv.request.name.c_str());
[01;32m[K     ^[m[K
make[2]: *** [CMakeFiles/own_service_client.dir/src/own_service_client.cpp.o] Error 1
make[1]: *** [CMakeFiles/own_service_client.dir/all] Error 2
make[1]: *** Waiting for unfinished jobs....
make: *** [all] Error 2
