Not searching for unused variables given on the command line.
-- Using CATKIN_DEVEL_PREFIX: /home/yao/ros_tutorials/devel/.private/rosparam_examples
-- Using CMAKE_PREFIX_PATH: /home/yao/ros_tutorials/devel;/home/yao/alt_iiwa_ros_ws/devel;/opt/ros/kinetic
-- This workspace overlays: /home/yao/ros_tutorials/devel;/home/yao/alt_iiwa_ros_ws/devel;/opt/ros/kinetic
-- Found PythonInterp: /usr/bin/python2 (found suitable version "2.7.12", minimum required is "2")
-- Using PYTHON_EXECUTABLE: /usr/bin/python2
-- Using Debian Python package layout
-- Using empy: /usr/bin/empy
-- Using CATKIN_ENABLE_TESTING: ON
-- Call enable_testing()
-- Using CATKIN_TEST_RESULTS_DIR: /home/yao/ros_tutorials/build/rosparam_examples/test_results
-- Found gtest sources under '/usr/src/gmock': gtests will be built
-- Found gmock sources under '/usr/src/gmock': gmock will be built
-- Found PythonInterp: /usr/bin/python2 (found version "2.7.12")
-- Using Python nosetests: /usr/bin/nosetests-2.7
-- catkin 0.7.29
-- BUILD_SHARED_LIBS is on
-- Configuring done
CMake Error at /home/yao/ros_tutorials/src/rosparam_examples/CMakeLists.txt:206 (add_executable):
  Cannot find source file:

    src/turtle_param_commmand.cpp

  Tried extensions .c .C .c++ .cc .cpp .cxx .m .M .mm .h .hh .h++ .hm .hpp
  .hxx .in .txx


CMake Error: CMake can not determine linker language for target: turtle_param_command
CMake Error: Cannot determine link language for target "turtle_param_command".
-- Generating done
-- Build files have been written to: /home/yao/ros_tutorials/build/rosparam_examples
