Determining if the pthread_create exist failed with the following output:
Change Dir: /home/yao/ros_tutorials/build/rosparam_examples/CMakeFiles/CMakeTmp

Run Build Command:"/usr/bin/make" "cmTC_fd61c/fast"
/usr/bin/make -f CMakeFiles/cmTC_fd61c.dir/build.make CMakeFiles/cmTC_fd61c.dir/build
make[1]: Entering directory '/home/yao/ros_tutorials/build/rosparam_examples/CMakeFiles/CMakeTmp'
Building C object CMakeFiles/cmTC_fd61c.dir/CheckSymbolExists.c.o
/usr/bin/cc     -o CMakeFiles/cmTC_fd61c.dir/CheckSymbolExists.c.o   -c /home/yao/ros_tutorials/build/rosparam_examples/CMakeFiles/CMakeTmp/CheckSymbolExists.c
Linking C executable cmTC_fd61c
/usr/bin/cmake -E cmake_link_script CMakeFiles/cmTC_fd61c.dir/link.txt --verbose=1
/usr/bin/cc       CMakeFiles/cmTC_fd61c.dir/CheckSymbolExists.c.o  -o cmTC_fd61c -rdynamic 
CMakeFiles/cmTC_fd61c.dir/CheckSymbolExists.c.o: In function `main':
CheckSymbolExists.c:(.text+0x16): undefined reference to `pthread_create'
collect2: error: ld returned 1 exit status
CMakeFiles/cmTC_fd61c.dir/build.make:97: recipe for target 'cmTC_fd61c' failed
make[1]: *** [cmTC_fd61c] Error 1
make[1]: Leaving directory '/home/yao/ros_tutorials/build/rosparam_examples/CMakeFiles/CMakeTmp'
Makefile:126: recipe for target 'cmTC_fd61c/fast' failed
make: *** [cmTC_fd61c/fast] Error 2

File /home/yao/ros_tutorials/build/rosparam_examples/CMakeFiles/CMakeTmp/CheckSymbolExists.c:
/* */
#include <pthread.h>

int main(int argc, char** argv)
{
  (void)argv;
#ifndef pthread_create
  return ((int*)(&pthread_create))[argc];
#else
  (void)argc;
  return 0;
#endif
}

Determining if the function pthread_create exists in the pthreads failed with the following output:
Change Dir: /home/yao/ros_tutorials/build/rosparam_examples/CMakeFiles/CMakeTmp

Run Build Command:"/usr/bin/make" "cmTC_384cd/fast"
/usr/bin/make -f CMakeFiles/cmTC_384cd.dir/build.make CMakeFiles/cmTC_384cd.dir/build
make[1]: Entering directory '/home/yao/ros_tutorials/build/rosparam_examples/CMakeFiles/CMakeTmp'
Building C object CMakeFiles/cmTC_384cd.dir/CheckFunctionExists.c.o
/usr/bin/cc    -DCHECK_FUNCTION_EXISTS=pthread_create   -o CMakeFiles/cmTC_384cd.dir/CheckFunctionExists.c.o   -c /usr/share/cmake-3.5/Modules/CheckFunctionExists.c
Linking C executable cmTC_384cd
/usr/bin/cmake -E cmake_link_script CMakeFiles/cmTC_384cd.dir/link.txt --verbose=1
/usr/bin/cc   -DCHECK_FUNCTION_EXISTS=pthread_create    CMakeFiles/cmTC_384cd.dir/CheckFunctionExists.c.o  -o cmTC_384cd -rdynamic -lpthreads 
/usr/bin/ld: cannot find -lpthreads
collect2: error: ld returned 1 exit status
CMakeFiles/cmTC_384cd.dir/build.make:97: recipe for target 'cmTC_384cd' failed
make[1]: *** [cmTC_384cd] Error 1
make[1]: Leaving directory '/home/yao/ros_tutorials/build/rosparam_examples/CMakeFiles/CMakeTmp'
Makefile:126: recipe for target 'cmTC_384cd/fast' failed
make: *** [cmTC_384cd/fast] Error 2


